{"D:\\UDEMY\\Full Stack Node.js React TS NestJS Next.js Creando Proyectos\\02-cashtrackr-next-express-ts-postgresql-sequelize\\backend\\src\\config\\nodemailer.ts": {"path":"D:\\UDEMY\\Full Stack Node.js React TS NestJS Next.js Creando Proyectos\\02-cashtrackr-next-express-ts-postgresql-sequelize\\backend\\src\\config\\nodemailer.ts","statementMap":{"0":{"start":{"line":1,"column":0},"end":{"line":1,"column":35}},"1":{"start":{"line":2,"column":0},"end":{"line":2,"column":null}},"2":{"start":{"line":4,"column":15},"end":{"line":13,"column":1}},"3":{"start":{"line":5,"column":2},"end":{"line":12,"column":null}},"4":{"start":{"line":15,"column":13},"end":{"line":15,"column":null}}},"fnMap":{"0":{"name":"(anonymous_1)","decl":{"start":{"line":4,"column":15},"end":{"line":4,"column":18}},"loc":{"start":{"line":4,"column":20},"end":{"line":13,"column":1}}}},"branchMap":{},"s":{"0":1,"1":1,"2":1,"3":1,"4":1},"f":{"0":1},"b":{}}
,"D:\\UDEMY\\Full Stack Node.js React TS NestJS Next.js Creando Proyectos\\02-cashtrackr-next-express-ts-postgresql-sequelize\\backend\\src\\controllers\\AuthController.ts": {"path":"D:\\UDEMY\\Full Stack Node.js React TS NestJS Next.js Creando Proyectos\\02-cashtrackr-next-express-ts-postgresql-sequelize\\backend\\src\\controllers\\AuthController.ts","statementMap":{"0":{"start":{"line":2,"column":0},"end":{"line":2,"column":33}},"1":{"start":{"line":3,"column":0},"end":{"line":3,"column":59}},"2":{"start":{"line":4,"column":0},"end":{"line":4,"column":46}},"3":{"start":{"line":5,"column":0},"end":{"line":5,"column":47}},"4":{"start":{"line":6,"column":0},"end":{"line":6,"column":42}},"5":{"start":{"line":7,"column":0},"end":{"line":7,"column":null}},"6":{"start":{"line":10,"column":25},"end":{"line":33,"column":3}},"7":{"start":{"line":11,"column":32},"end":{"line":11,"column":40}},"8":{"start":{"line":12,"column":4},"end":{"line":32,"column":5}},"9":{"start":{"line":13,"column":25},"end":{"line":13,"column":65}},"10":{"start":{"line":14,"column":6},"end":{"line":18,"column":7}},"11":{"start":{"line":15,"column":22},"end":{"line":15,"column":78}},"12":{"start":{"line":16,"column":8},"end":{"line":16,"column":null}},"13":{"start":{"line":17,"column":8},"end":{"line":17,"column":14}},"14":{"start":{"line":19,"column":19},"end":{"line":19,"column":46}},"15":{"start":{"line":20,"column":6},"end":{"line":20,"column":null}},"16":{"start":{"line":21,"column":6},"end":{"line":21,"column":null}},"17":{"start":{"line":22,"column":6},"end":{"line":22,"column":null}},"18":{"start":{"line":23,"column":6},"end":{"line":27,"column":null}},"19":{"start":{"line":28,"column":6},"end":{"line":28,"column":null}},"20":{"start":{"line":31,"column":6},"end":{"line":31,"column":null}},"21":{"start":{"line":35,"column":26},"end":{"line":52,"column":3}},"22":{"start":{"line":36,"column":22},"end":{"line":36,"column":30}},"23":{"start":{"line":37,"column":4},"end":{"line":51,"column":5}},"24":{"start":{"line":38,"column":19},"end":{"line":38,"column":59}},"25":{"start":{"line":39,"column":6},"end":{"line":43,"column":7}},"26":{"start":{"line":40,"column":22},"end":{"line":40,"column":50}},"27":{"start":{"line":41,"column":8},"end":{"line":41,"column":null}},"28":{"start":{"line":42,"column":8},"end":{"line":42,"column":14}},"29":{"start":{"line":44,"column":6},"end":{"line":44,"column":null}},"30":{"start":{"line":45,"column":6},"end":{"line":45,"column":null}},"31":{"start":{"line":46,"column":6},"end":{"line":46,"column":null}},"32":{"start":{"line":47,"column":6},"end":{"line":47,"column":null}},"33":{"start":{"line":50,"column":6},"end":{"line":50,"column":null}},"34":{"start":{"line":54,"column":17},"end":{"line":78,"column":3}},"35":{"start":{"line":55,"column":32},"end":{"line":55,"column":40}},"36":{"start":{"line":56,"column":4},"end":{"line":77,"column":5}},"37":{"start":{"line":57,"column":19},"end":{"line":57,"column":59}},"38":{"start":{"line":58,"column":6},"end":{"line":62,"column":7}},"39":{"start":{"line":59,"column":22},"end":{"line":59,"column":56}},"40":{"start":{"line":60,"column":8},"end":{"line":60,"column":null}},"41":{"start":{"line":61,"column":8},"end":{"line":61,"column":14}},"42":{"start":{"line":63,"column":6},"end":{"line":66,"column":7}},"43":{"start":{"line":64,"column":8},"end":{"line":64,"column":null}},"44":{"start":{"line":65,"column":8},"end":{"line":65,"column":14}},"45":{"start":{"line":67,"column":32},"end":{"line":67,"column":76}},"46":{"start":{"line":68,"column":6},"end":{"line":71,"column":7}},"47":{"start":{"line":69,"column":8},"end":{"line":69,"column":null}},"48":{"start":{"line":70,"column":8},"end":{"line":70,"column":14}},"49":{"start":{"line":72,"column":20},"end":{"line":72,"column":40}},"50":{"start":{"line":73,"column":6},"end":{"line":73,"column":null}},"51":{"start":{"line":76,"column":6},"end":{"line":76,"column":null}},"52":{"start":{"line":80,"column":26},"end":{"line":101,"column":3}},"53":{"start":{"line":81,"column":22},"end":{"line":81,"column":30}},"54":{"start":{"line":82,"column":4},"end":{"line":100,"column":5}},"55":{"start":{"line":83,"column":19},"end":{"line":83,"column":59}},"56":{"start":{"line":84,"column":6},"end":{"line":88,"column":7}},"57":{"start":{"line":85,"column":22},"end":{"line":85,"column":56}},"58":{"start":{"line":86,"column":8},"end":{"line":86,"column":null}},"59":{"start":{"line":87,"column":8},"end":{"line":87,"column":14}},"60":{"start":{"line":89,"column":6},"end":{"line":89,"column":null}},"61":{"start":{"line":90,"column":6},"end":{"line":90,"column":null}},"62":{"start":{"line":91,"column":6},"end":{"line":95,"column":null}},"63":{"start":{"line":96,"column":6},"end":{"line":96,"column":null}},"64":{"start":{"line":99,"column":6},"end":{"line":99,"column":null}},"65":{"start":{"line":103,"column":25},"end":{"line":117,"column":3}},"66":{"start":{"line":104,"column":22},"end":{"line":104,"column":30}},"67":{"start":{"line":105,"column":4},"end":{"line":116,"column":5}},"68":{"start":{"line":106,"column":26},"end":{"line":106,"column":66}},"69":{"start":{"line":107,"column":6},"end":{"line":111,"column":7}},"70":{"start":{"line":108,"column":22},"end":{"line":108,"column":50}},"71":{"start":{"line":109,"column":8},"end":{"line":109,"column":null}},"72":{"start":{"line":110,"column":8},"end":{"line":110,"column":14}},"73":{"start":{"line":112,"column":6},"end":{"line":112,"column":null}},"74":{"start":{"line":115,"column":6},"end":{"line":115,"column":null}},"75":{"start":{"line":119,"column":34},"end":{"line":137,"column":3}},"76":{"start":{"line":120,"column":22},"end":{"line":120,"column":32}},"77":{"start":{"line":121,"column":25},"end":{"line":121,"column":33}},"78":{"start":{"line":122,"column":4},"end":{"line":136,"column":5}},"79":{"start":{"line":123,"column":19},"end":{"line":123,"column":59}},"80":{"start":{"line":124,"column":6},"end":{"line":128,"column":7}},"81":{"start":{"line":125,"column":22},"end":{"line":125,"column":50}},"82":{"start":{"line":126,"column":8},"end":{"line":126,"column":null}},"83":{"start":{"line":127,"column":8},"end":{"line":127,"column":14}},"84":{"start":{"line":129,"column":6},"end":{"line":129,"column":null}},"85":{"start":{"line":130,"column":6},"end":{"line":130,"column":null}},"86":{"start":{"line":131,"column":6},"end":{"line":131,"column":null}},"87":{"start":{"line":132,"column":6},"end":{"line":132,"column":null}},"88":{"start":{"line":135,"column":6},"end":{"line":135,"column":null}},"89":{"start":{"line":139,"column":16},"end":{"line":141,"column":3}},"90":{"start":{"line":140,"column":4},"end":{"line":140,"column":null}},"91":{"start":{"line":143,"column":37},"end":{"line":163,"column":3}},"92":{"start":{"line":144,"column":43},"end":{"line":144,"column":51}},"93":{"start":{"line":145,"column":19},"end":{"line":145,"column":27}},"94":{"start":{"line":146,"column":4},"end":{"line":162,"column":5}},"95":{"start":{"line":147,"column":19},"end":{"line":147,"column":42}},"96":{"start":{"line":148,"column":32},"end":{"line":150,"column":null}},"97":{"start":{"line":152,"column":6},"end":{"line":155,"column":7}},"98":{"start":{"line":153,"column":8},"end":{"line":153,"column":null}},"99":{"start":{"line":154,"column":8},"end":{"line":154,"column":14}},"100":{"start":{"line":156,"column":6},"end":{"line":156,"column":null}},"101":{"start":{"line":157,"column":6},"end":{"line":157,"column":null}},"102":{"start":{"line":158,"column":6},"end":{"line":158,"column":null}},"103":{"start":{"line":161,"column":6},"end":{"line":161,"column":null}},"104":{"start":{"line":165,"column":25},"end":{"line":180,"column":3}},"105":{"start":{"line":166,"column":25},"end":{"line":166,"column":33}},"106":{"start":{"line":167,"column":19},"end":{"line":167,"column":27}},"107":{"start":{"line":168,"column":4},"end":{"line":179,"column":5}},"108":{"start":{"line":169,"column":19},"end":{"line":169,"column":42}},"109":{"start":{"line":170,"column":32},"end":{"line":170,"column":76}},"110":{"start":{"line":171,"column":6},"end":{"line":174,"column":7}},"111":{"start":{"line":172,"column":8},"end":{"line":172,"column":null}},"112":{"start":{"line":173,"column":8},"end":{"line":173,"column":14}},"113":{"start":{"line":175,"column":6},"end":{"line":175,"column":null}},"114":{"start":{"line":178,"column":6},"end":{"line":178,"column":null}},"115":{"start":{"line":9,"column":0},"end":{"line":9,"column":13}}},"fnMap":{"0":{"name":"(anonymous_1)","decl":{"start":{"line":10,"column":25},"end":{"line":10,"column":30}},"loc":{"start":{"line":10,"column":63},"end":{"line":33,"column":3}}},"1":{"name":"(anonymous_2)","decl":{"start":{"line":35,"column":26},"end":{"line":35,"column":31}},"loc":{"start":{"line":35,"column":64},"end":{"line":52,"column":3}}},"2":{"name":"(anonymous_3)","decl":{"start":{"line":54,"column":17},"end":{"line":54,"column":22}},"loc":{"start":{"line":54,"column":55},"end":{"line":78,"column":3}}},"3":{"name":"(anonymous_4)","decl":{"start":{"line":80,"column":26},"end":{"line":80,"column":31}},"loc":{"start":{"line":80,"column":64},"end":{"line":101,"column":3}}},"4":{"name":"(anonymous_5)","decl":{"start":{"line":103,"column":25},"end":{"line":103,"column":30}},"loc":{"start":{"line":103,"column":63},"end":{"line":117,"column":3}}},"5":{"name":"(anonymous_6)","decl":{"start":{"line":119,"column":34},"end":{"line":119,"column":39}},"loc":{"start":{"line":119,"column":72},"end":{"line":137,"column":3}}},"6":{"name":"(anonymous_7)","decl":{"start":{"line":139,"column":16},"end":{"line":139,"column":21}},"loc":{"start":{"line":139,"column":54},"end":{"line":141,"column":3}}},"7":{"name":"(anonymous_8)","decl":{"start":{"line":143,"column":37},"end":{"line":143,"column":42}},"loc":{"start":{"line":143,"column":75},"end":{"line":163,"column":3}}},"8":{"name":"(anonymous_9)","decl":{"start":{"line":165,"column":25},"end":{"line":165,"column":30}},"loc":{"start":{"line":165,"column":63},"end":{"line":180,"column":3}}}},"branchMap":{"0":{"loc":{"start":{"line":14,"column":6},"end":{"line":18,"column":7}},"type":"if","locations":[{"start":{"line":14,"column":6},"end":{"line":18,"column":7}}]},"1":{"loc":{"start":{"line":39,"column":6},"end":{"line":43,"column":7}},"type":"if","locations":[{"start":{"line":39,"column":6},"end":{"line":43,"column":7}}]},"2":{"loc":{"start":{"line":58,"column":6},"end":{"line":62,"column":7}},"type":"if","locations":[{"start":{"line":58,"column":6},"end":{"line":62,"column":7}}]},"3":{"loc":{"start":{"line":63,"column":6},"end":{"line":66,"column":7}},"type":"if","locations":[{"start":{"line":63,"column":6},"end":{"line":66,"column":7}}]},"4":{"loc":{"start":{"line":68,"column":6},"end":{"line":71,"column":7}},"type":"if","locations":[{"start":{"line":68,"column":6},"end":{"line":71,"column":7}}]},"5":{"loc":{"start":{"line":84,"column":6},"end":{"line":88,"column":7}},"type":"if","locations":[{"start":{"line":84,"column":6},"end":{"line":88,"column":7}}]},"6":{"loc":{"start":{"line":107,"column":6},"end":{"line":111,"column":7}},"type":"if","locations":[{"start":{"line":107,"column":6},"end":{"line":111,"column":7}}]},"7":{"loc":{"start":{"line":124,"column":6},"end":{"line":128,"column":7}},"type":"if","locations":[{"start":{"line":124,"column":6},"end":{"line":128,"column":7}}]},"8":{"loc":{"start":{"line":152,"column":6},"end":{"line":155,"column":7}},"type":"if","locations":[{"start":{"line":152,"column":6},"end":{"line":155,"column":7}}]},"9":{"loc":{"start":{"line":171,"column":6},"end":{"line":174,"column":7}},"type":"if","locations":[{"start":{"line":171,"column":6},"end":{"line":174,"column":7}}]}},"s":{"0":1,"1":1,"2":1,"3":1,"4":1,"5":1,"6":1,"7":2,"8":2,"9":2,"10":2,"11":1,"12":1,"13":1,"14":1,"15":1,"16":1,"17":1,"18":1,"19":1,"20":0,"21":1,"22":0,"23":0,"24":0,"25":0,"26":0,"27":0,"28":0,"29":0,"30":0,"31":0,"32":0,"33":0,"34":1,"35":4,"36":4,"37":4,"38":4,"39":1,"40":1,"41":1,"42":3,"43":1,"44":1,"45":2,"46":2,"47":1,"48":1,"49":1,"50":1,"51":0,"52":1,"53":0,"54":0,"55":0,"56":0,"57":0,"58":0,"59":0,"60":0,"61":0,"62":0,"63":0,"64":0,"65":1,"66":0,"67":0,"68":0,"69":0,"70":0,"71":0,"72":0,"73":0,"74":0,"75":1,"76":0,"77":0,"78":0,"79":0,"80":0,"81":0,"82":0,"83":0,"84":0,"85":0,"86":0,"87":0,"88":0,"89":1,"90":0,"91":1,"92":0,"93":0,"94":0,"95":0,"96":0,"97":0,"98":0,"99":0,"100":0,"101":0,"102":0,"103":0,"104":1,"105":0,"106":0,"107":0,"108":0,"109":0,"110":0,"111":0,"112":0,"113":0,"114":0,"115":1},"f":{"0":2,"1":0,"2":4,"3":0,"4":0,"5":0,"6":0,"7":0,"8":0},"b":{"0":[1],"1":[0],"2":[1],"3":[1],"4":[1],"5":[0],"6":[0],"7":[0],"8":[0],"9":[0]}}
,"D:\\UDEMY\\Full Stack Node.js React TS NestJS Next.js Creando Proyectos\\02-cashtrackr-next-express-ts-postgresql-sequelize\\backend\\src\\controllers\\BudgetController.ts": {"path":"D:\\UDEMY\\Full Stack Node.js React TS NestJS Next.js Creando Proyectos\\02-cashtrackr-next-express-ts-postgresql-sequelize\\backend\\src\\controllers\\BudgetController.ts","statementMap":{"0":{"start":{"line":2,"column":0},"end":{"line":2,"column":37}},"1":{"start":{"line":3,"column":0},"end":{"line":3,"column":39}},"2":{"start":{"line":6,"column":18},"end":{"line":17,"column":3}},"3":{"start":{"line":7,"column":4},"end":{"line":16,"column":5}},"4":{"start":{"line":8,"column":22},"end":{"line":11,"column":8}},"5":{"start":{"line":12,"column":6},"end":{"line":12,"column":null}},"6":{"start":{"line":15,"column":6},"end":{"line":15,"column":null}},"7":{"start":{"line":19,"column":18},"end":{"line":29,"column":3}},"8":{"start":{"line":20,"column":4},"end":{"line":28,"column":5}},"9":{"start":{"line":21,"column":21},"end":{"line":21,"column":50}},"10":{"start":{"line":22,"column":6},"end":{"line":22,"column":null}},"11":{"start":{"line":23,"column":6},"end":{"line":23,"column":null}},"12":{"start":{"line":24,"column":6},"end":{"line":24,"column":null}},"13":{"start":{"line":27,"column":6},"end":{"line":27,"column":null}},"14":{"start":{"line":31,"column":19},"end":{"line":36,"column":3}},"15":{"start":{"line":32,"column":19},"end":{"line":34,"column":6}},"16":{"start":{"line":35,"column":4},"end":{"line":35,"column":null}},"17":{"start":{"line":38,"column":22},"end":{"line":46,"column":3}},"18":{"start":{"line":39,"column":4},"end":{"line":45,"column":5}},"19":{"start":{"line":40,"column":6},"end":{"line":40,"column":null}},"20":{"start":{"line":41,"column":6},"end":{"line":41,"column":null}},"21":{"start":{"line":44,"column":6},"end":{"line":44,"column":null}},"22":{"start":{"line":48,"column":22},"end":{"line":56,"column":3}},"23":{"start":{"line":49,"column":4},"end":{"line":55,"column":5}},"24":{"start":{"line":50,"column":6},"end":{"line":50,"column":null}},"25":{"start":{"line":51,"column":6},"end":{"line":51,"column":null}},"26":{"start":{"line":54,"column":6},"end":{"line":54,"column":null}},"27":{"start":{"line":5,"column":0},"end":{"line":5,"column":13}}},"fnMap":{"0":{"name":"(anonymous_1)","decl":{"start":{"line":6,"column":18},"end":{"line":6,"column":23}},"loc":{"start":{"line":6,"column":56},"end":{"line":17,"column":3}}},"1":{"name":"(anonymous_2)","decl":{"start":{"line":19,"column":18},"end":{"line":19,"column":23}},"loc":{"start":{"line":19,"column":56},"end":{"line":29,"column":3}}},"2":{"name":"(anonymous_3)","decl":{"start":{"line":31,"column":19},"end":{"line":31,"column":24}},"loc":{"start":{"line":31,"column":57},"end":{"line":36,"column":3}}},"3":{"name":"(anonymous_4)","decl":{"start":{"line":38,"column":22},"end":{"line":38,"column":27}},"loc":{"start":{"line":38,"column":60},"end":{"line":46,"column":3}}},"4":{"name":"(anonymous_5)","decl":{"start":{"line":48,"column":22},"end":{"line":48,"column":27}},"loc":{"start":{"line":48,"column":60},"end":{"line":56,"column":3}}}},"branchMap":{},"s":{"0":1,"1":1,"2":1,"3":4,"4":4,"5":3,"6":1,"7":1,"8":2,"9":2,"10":1,"11":1,"12":1,"13":1,"14":1,"15":3,"16":3,"17":1,"18":1,"19":1,"20":1,"21":0,"22":1,"23":1,"24":1,"25":1,"26":0,"27":1},"f":{"0":4,"1":2,"2":3,"3":1,"4":1},"b":{}}
,"D:\\UDEMY\\Full Stack Node.js React TS NestJS Next.js Creando Proyectos\\02-cashtrackr-next-express-ts-postgresql-sequelize\\backend\\src\\controllers\\ExpensesController.ts": {"path":"D:\\UDEMY\\Full Stack Node.js React TS NestJS Next.js Creando Proyectos\\02-cashtrackr-next-express-ts-postgresql-sequelize\\backend\\src\\controllers\\ExpensesController.ts","statementMap":{"0":{"start":{"line":2,"column":0},"end":{"line":2,"column":39}},"1":{"start":{"line":5,"column":18},"end":{"line":14,"column":3}},"2":{"start":{"line":6,"column":4},"end":{"line":13,"column":5}},"3":{"start":{"line":7,"column":22},"end":{"line":7,"column":52}},"4":{"start":{"line":8,"column":6},"end":{"line":8,"column":null}},"5":{"start":{"line":9,"column":6},"end":{"line":9,"column":null}},"6":{"start":{"line":10,"column":6},"end":{"line":10,"column":null}},"7":{"start":{"line":12,"column":6},"end":{"line":12,"column":null}},"8":{"start":{"line":16,"column":19},"end":{"line":18,"column":3}},"9":{"start":{"line":17,"column":4},"end":{"line":17,"column":null}},"10":{"start":{"line":20,"column":22},"end":{"line":23,"column":3}},"11":{"start":{"line":21,"column":4},"end":{"line":21,"column":null}},"12":{"start":{"line":22,"column":4},"end":{"line":22,"column":null}},"13":{"start":{"line":25,"column":22},"end":{"line":28,"column":3}},"14":{"start":{"line":26,"column":4},"end":{"line":26,"column":null}},"15":{"start":{"line":27,"column":4},"end":{"line":27,"column":null}},"16":{"start":{"line":4,"column":0},"end":{"line":4,"column":13}}},"fnMap":{"0":{"name":"(anonymous_1)","decl":{"start":{"line":5,"column":18},"end":{"line":5,"column":23}},"loc":{"start":{"line":5,"column":56},"end":{"line":14,"column":3}}},"1":{"name":"(anonymous_2)","decl":{"start":{"line":16,"column":19},"end":{"line":16,"column":24}},"loc":{"start":{"line":16,"column":57},"end":{"line":18,"column":3}}},"2":{"name":"(anonymous_3)","decl":{"start":{"line":20,"column":22},"end":{"line":20,"column":27}},"loc":{"start":{"line":20,"column":60},"end":{"line":23,"column":3}}},"3":{"name":"(anonymous_4)","decl":{"start":{"line":25,"column":22},"end":{"line":25,"column":27}},"loc":{"start":{"line":25,"column":60},"end":{"line":28,"column":3}}}},"branchMap":{},"s":{"0":1,"1":1,"2":2,"3":2,"4":1,"5":1,"6":1,"7":1,"8":1,"9":1,"10":1,"11":1,"12":1,"13":1,"14":1,"15":1,"16":1},"f":{"0":2,"1":1,"2":1,"3":1},"b":{}}
,"D:\\UDEMY\\Full Stack Node.js React TS NestJS Next.js Creando Proyectos\\02-cashtrackr-next-express-ts-postgresql-sequelize\\backend\\src\\emails\\AuthEmail.ts": {"path":"D:\\UDEMY\\Full Stack Node.js React TS NestJS Next.js Creando Proyectos\\02-cashtrackr-next-express-ts-postgresql-sequelize\\backend\\src\\emails\\AuthEmail.ts","statementMap":{"0":{"start":{"line":1,"column":0},"end":{"line":1,"column":48}},"1":{"start":{"line":10,"column":33},"end":{"line":22,"column":3}},"2":{"start":{"line":11,"column":18},"end":{"line":21,"column":6}},"3":{"start":{"line":24,"column":34},"end":{"line":35,"column":3}},"4":{"start":{"line":25,"column":18},"end":{"line":34,"column":6}},"5":{"start":{"line":9,"column":0},"end":{"line":9,"column":13}}},"fnMap":{"0":{"name":"(anonymous_0)","decl":{"start":{"line":10,"column":33},"end":{"line":10,"column":38}},"loc":{"start":{"line":10,"column":59},"end":{"line":22,"column":3}}},"1":{"name":"(anonymous_1)","decl":{"start":{"line":24,"column":34},"end":{"line":24,"column":39}},"loc":{"start":{"line":24,"column":60},"end":{"line":35,"column":3}}}},"branchMap":{},"s":{"0":1,"1":1,"2":0,"3":1,"4":0,"5":1},"f":{"0":0,"1":0},"b":{}}
,"D:\\UDEMY\\Full Stack Node.js React TS NestJS Next.js Creando Proyectos\\02-cashtrackr-next-express-ts-postgresql-sequelize\\backend\\src\\middleware\\budget.ts": {"path":"D:\\UDEMY\\Full Stack Node.js React TS NestJS Next.js Creando Proyectos\\02-cashtrackr-next-express-ts-postgresql-sequelize\\backend\\src\\middleware\\budget.ts","statementMap":{"0":{"start":{"line":2,"column":0},"end":{"line":2,"column":65}},"1":{"start":{"line":3,"column":0},"end":{"line":3,"column":37}},"2":{"start":{"line":13,"column":32},"end":{"line":30,"column":1}},"3":{"start":{"line":18,"column":2},"end":{"line":22,"column":null}},"4":{"start":{"line":20,"column":23},"end":{"line":20,"column":32}},"5":{"start":{"line":24,"column":15},"end":{"line":24,"column":36}},"6":{"start":{"line":25,"column":2},"end":{"line":28,"column":3}},"7":{"start":{"line":26,"column":4},"end":{"line":26,"column":null}},"8":{"start":{"line":27,"column":4},"end":{"line":27,"column":10}},"9":{"start":{"line":29,"column":2},"end":{"line":29,"column":null}},"10":{"start":{"line":13,"column":13},"end":{"line":13,"column":32}},"11":{"start":{"line":32,"column":36},"end":{"line":52,"column":1}},"12":{"start":{"line":37,"column":2},"end":{"line":51,"column":3}},"13":{"start":{"line":38,"column":25},"end":{"line":38,"column":35}},"14":{"start":{"line":39,"column":19},"end":{"line":39,"column":50}},"15":{"start":{"line":40,"column":4},"end":{"line":44,"column":5}},"16":{"start":{"line":41,"column":20},"end":{"line":41,"column":58}},"17":{"start":{"line":42,"column":6},"end":{"line":42,"column":null}},"18":{"start":{"line":43,"column":6},"end":{"line":43,"column":12}},"19":{"start":{"line":45,"column":4},"end":{"line":45,"column":null}},"20":{"start":{"line":47,"column":4},"end":{"line":47,"column":null}},"21":{"start":{"line":50,"column":4},"end":{"line":50,"column":null}},"22":{"start":{"line":32,"column":13},"end":{"line":32,"column":36}},"23":{"start":{"line":54,"column":35},"end":{"line":73,"column":1}},"24":{"start":{"line":59,"column":2},"end":{"line":62,"column":null}},"25":{"start":{"line":63,"column":2},"end":{"line":70,"column":null}},"26":{"start":{"line":68,"column":23},"end":{"line":68,"column":32}},"27":{"start":{"line":72,"column":2},"end":{"line":72,"column":null}},"28":{"start":{"line":54,"column":13},"end":{"line":54,"column":35}},"29":{"start":{"line":75,"column":25},"end":{"line":86,"column":1}},"30":{"start":{"line":80,"column":2},"end":{"line":84,"column":3}},"31":{"start":{"line":81,"column":18},"end":{"line":81,"column":47}},"32":{"start":{"line":82,"column":4},"end":{"line":82,"column":null}},"33":{"start":{"line":83,"column":4},"end":{"line":83,"column":10}},"34":{"start":{"line":85,"column":2},"end":{"line":85,"column":null}},"35":{"start":{"line":75,"column":13},"end":{"line":75,"column":25}}},"fnMap":{"0":{"name":"(anonymous_1)","decl":{"start":{"line":13,"column":32},"end":{"line":13,"column":37}},"loc":{"start":{"line":17,"column":4},"end":{"line":30,"column":1}}},"1":{"name":"(anonymous_2)","decl":{"start":{"line":20,"column":12},"end":{"line":20,"column":13}},"loc":{"start":{"line":20,"column":23},"end":{"line":20,"column":32}}},"2":{"name":"(anonymous_3)","decl":{"start":{"line":32,"column":36},"end":{"line":32,"column":41}},"loc":{"start":{"line":36,"column":4},"end":{"line":52,"column":1}}},"3":{"name":"(anonymous_4)","decl":{"start":{"line":54,"column":35},"end":{"line":54,"column":40}},"loc":{"start":{"line":58,"column":4},"end":{"line":73,"column":1}}},"4":{"name":"(anonymous_5)","decl":{"start":{"line":68,"column":12},"end":{"line":68,"column":13}},"loc":{"start":{"line":68,"column":23},"end":{"line":68,"column":32}}},"5":{"name":"(anonymous_6)","decl":{"start":{"line":75,"column":25},"end":{"line":75,"column":30}},"loc":{"start":{"line":79,"column":4},"end":{"line":86,"column":1}}}},"branchMap":{"0":{"loc":{"start":{"line":25,"column":2},"end":{"line":28,"column":3}},"type":"if","locations":[{"start":{"line":25,"column":2},"end":{"line":28,"column":3}}]},"1":{"loc":{"start":{"line":40,"column":4},"end":{"line":44,"column":5}},"type":"if","locations":[{"start":{"line":40,"column":4},"end":{"line":44,"column":5}}]},"2":{"loc":{"start":{"line":80,"column":2},"end":{"line":84,"column":3}},"type":"if","locations":[{"start":{"line":80,"column":2},"end":{"line":84,"column":3}}]}},"s":{"0":2,"1":2,"2":2,"3":0,"4":0,"5":0,"6":0,"7":0,"8":0,"9":0,"10":2,"11":2,"12":3,"13":3,"14":3,"15":2,"16":1,"17":1,"18":1,"19":1,"20":1,"21":1,"22":2,"23":2,"24":0,"25":0,"26":0,"27":0,"28":2,"29":2,"30":3,"31":2,"32":2,"33":2,"34":1,"35":2},"f":{"0":0,"1":0,"2":3,"3":0,"4":0,"5":3},"b":{"0":[0],"1":[1],"2":[2]}}
,"D:\\UDEMY\\Full Stack Node.js React TS NestJS Next.js Creando Proyectos\\02-cashtrackr-next-express-ts-postgresql-sequelize\\backend\\src\\middleware\\expense.ts": {"path":"D:\\UDEMY\\Full Stack Node.js React TS NestJS Next.js Creando Proyectos\\02-cashtrackr-next-express-ts-postgresql-sequelize\\backend\\src\\middleware\\expense.ts","statementMap":{"0":{"start":{"line":2,"column":0},"end":{"line":2,"column":65}},"1":{"start":{"line":3,"column":0},"end":{"line":3,"column":39}},"2":{"start":{"line":13,"column":36},"end":{"line":32,"column":1}},"3":{"start":{"line":18,"column":2},"end":{"line":21,"column":null}},"4":{"start":{"line":22,"column":2},"end":{"line":29,"column":null}},"5":{"start":{"line":27,"column":23},"end":{"line":27,"column":32}},"6":{"start":{"line":31,"column":2},"end":{"line":31,"column":null}},"7":{"start":{"line":13,"column":13},"end":{"line":13,"column":36}},"8":{"start":{"line":34,"column":37},"end":{"line":54,"column":1}},"9":{"start":{"line":39,"column":2},"end":{"line":53,"column":3}},"10":{"start":{"line":40,"column":26},"end":{"line":40,"column":36}},"11":{"start":{"line":41,"column":20},"end":{"line":41,"column":53}},"12":{"start":{"line":42,"column":4},"end":{"line":46,"column":5}},"13":{"start":{"line":43,"column":20},"end":{"line":43,"column":52}},"14":{"start":{"line":44,"column":6},"end":{"line":44,"column":null}},"15":{"start":{"line":45,"column":6},"end":{"line":45,"column":12}},"16":{"start":{"line":47,"column":4},"end":{"line":47,"column":null}},"17":{"start":{"line":49,"column":4},"end":{"line":49,"column":null}},"18":{"start":{"line":52,"column":4},"end":{"line":52,"column":null}},"19":{"start":{"line":34,"column":13},"end":{"line":34,"column":37}},"20":{"start":{"line":56,"column":33},"end":{"line":73,"column":1}},"21":{"start":{"line":61,"column":2},"end":{"line":65,"column":null}},"22":{"start":{"line":63,"column":23},"end":{"line":63,"column":32}},"23":{"start":{"line":67,"column":15},"end":{"line":67,"column":36}},"24":{"start":{"line":68,"column":2},"end":{"line":71,"column":3}},"25":{"start":{"line":69,"column":4},"end":{"line":69,"column":null}},"26":{"start":{"line":70,"column":4},"end":{"line":70,"column":10}},"27":{"start":{"line":72,"column":2},"end":{"line":72,"column":null}},"28":{"start":{"line":56,"column":13},"end":{"line":56,"column":33}}},"fnMap":{"0":{"name":"(anonymous_1)","decl":{"start":{"line":13,"column":36},"end":{"line":13,"column":41}},"loc":{"start":{"line":17,"column":4},"end":{"line":32,"column":1}}},"1":{"name":"(anonymous_2)","decl":{"start":{"line":27,"column":12},"end":{"line":27,"column":13}},"loc":{"start":{"line":27,"column":23},"end":{"line":27,"column":32}}},"2":{"name":"(anonymous_3)","decl":{"start":{"line":34,"column":37},"end":{"line":34,"column":42}},"loc":{"start":{"line":38,"column":4},"end":{"line":54,"column":1}}},"3":{"name":"(anonymous_4)","decl":{"start":{"line":56,"column":33},"end":{"line":56,"column":38}},"loc":{"start":{"line":60,"column":4},"end":{"line":73,"column":1}}},"4":{"name":"(anonymous_5)","decl":{"start":{"line":63,"column":12},"end":{"line":63,"column":13}},"loc":{"start":{"line":63,"column":23},"end":{"line":63,"column":32}}}},"branchMap":{"0":{"loc":{"start":{"line":42,"column":4},"end":{"line":46,"column":5}},"type":"if","locations":[{"start":{"line":42,"column":4},"end":{"line":46,"column":5}}]},"1":{"loc":{"start":{"line":68,"column":2},"end":{"line":71,"column":3}},"type":"if","locations":[{"start":{"line":68,"column":2},"end":{"line":71,"column":3}}]}},"s":{"0":1,"1":1,"2":1,"3":0,"4":0,"5":0,"6":0,"7":1,"8":1,"9":3,"10":3,"11":3,"12":2,"13":1,"14":1,"15":1,"16":1,"17":1,"18":1,"19":1,"20":1,"21":0,"22":0,"23":0,"24":0,"25":0,"26":0,"27":0,"28":1},"f":{"0":0,"1":0,"2":3,"3":0,"4":0},"b":{"0":[1],"1":[0]}}
,"D:\\UDEMY\\Full Stack Node.js React TS NestJS Next.js Creando Proyectos\\02-cashtrackr-next-express-ts-postgresql-sequelize\\backend\\src\\models\\Budget.ts": {"path":"D:\\UDEMY\\Full Stack Node.js React TS NestJS Next.js Creando Proyectos\\02-cashtrackr-next-express-ts-postgresql-sequelize\\backend\\src\\models\\Budget.ts","statementMap":{"0":{"start":{"line":1,"column":0},"end":{"line":1,"column":null}},"1":{"start":{"line":11,"column":0},"end":{"line":11,"column":31}},"2":{"start":{"line":12,"column":0},"end":{"line":12,"column":25}},"3":{"start":{"line":17,"column":0},"end":{"line":41,"column":null}},"4":{"start":{"line":22,"column":10},"end":{"line":22,"column":null}},"5":{"start":{"line":28,"column":10},"end":{"line":28,"column":null}},"6":{"start":{"line":34,"column":10},"end":{"line":34,"column":null}},"7":{"start":{"line":30,"column":17},"end":{"line":30,"column":24}},"8":{"start":{"line":37,"column":10},"end":{"line":37,"column":null}},"9":{"start":{"line":36,"column":20},"end":{"line":36,"column":24}},"10":{"start":{"line":40,"column":10},"end":{"line":40,"column":null}},"11":{"start":{"line":39,"column":19},"end":{"line":39,"column":23}},"12":{"start":{"line":17,"column":6},"end":{"line":41,"column":null}},"13":{"start":{"line":43,"column":0},"end":{"line":43,"column":null}}},"fnMap":{"0":{"name":"(anonymous_3)","decl":{"start":{"line":30,"column":11},"end":{"line":30,"column":14}},"loc":{"start":{"line":30,"column":17},"end":{"line":30,"column":24}}},"1":{"name":"(anonymous_4)","decl":{"start":{"line":36,"column":14},"end":{"line":36,"column":17}},"loc":{"start":{"line":36,"column":20},"end":{"line":36,"column":24}}},"2":{"name":"(anonymous_5)","decl":{"start":{"line":39,"column":13},"end":{"line":39,"column":16}},"loc":{"start":{"line":39,"column":19},"end":{"line":39,"column":23}}}},"branchMap":{},"s":{"0":2,"1":2,"2":2,"3":2,"4":2,"5":2,"6":2,"7":0,"8":2,"9":0,"10":2,"11":0,"12":2,"13":2},"f":{"0":0,"1":0,"2":0},"b":{}}
,"D:\\UDEMY\\Full Stack Node.js React TS NestJS Next.js Creando Proyectos\\02-cashtrackr-next-express-ts-postgresql-sequelize\\backend\\src\\models\\Expense.ts": {"path":"D:\\UDEMY\\Full Stack Node.js React TS NestJS Next.js Creando Proyectos\\02-cashtrackr-next-express-ts-postgresql-sequelize\\backend\\src\\models\\Expense.ts","statementMap":{"0":{"start":{"line":1,"column":0},"end":{"line":1,"column":null}},"1":{"start":{"line":11,"column":0},"end":{"line":11,"column":29}},"2":{"start":{"line":16,"column":0},"end":{"line":34,"column":null}},"3":{"start":{"line":21,"column":10},"end":{"line":21,"column":null}},"4":{"start":{"line":27,"column":10},"end":{"line":27,"column":null}},"5":{"start":{"line":30,"column":10},"end":{"line":30,"column":null}},"6":{"start":{"line":29,"column":20},"end":{"line":29,"column":26}},"7":{"start":{"line":33,"column":10},"end":{"line":33,"column":null}},"8":{"start":{"line":32,"column":19},"end":{"line":32,"column":25}},"9":{"start":{"line":16,"column":6},"end":{"line":34,"column":null}},"10":{"start":{"line":36,"column":0},"end":{"line":36,"column":null}}},"fnMap":{"0":{"name":"(anonymous_3)","decl":{"start":{"line":29,"column":14},"end":{"line":29,"column":17}},"loc":{"start":{"line":29,"column":20},"end":{"line":29,"column":26}}},"1":{"name":"(anonymous_4)","decl":{"start":{"line":32,"column":13},"end":{"line":32,"column":16}},"loc":{"start":{"line":32,"column":19},"end":{"line":32,"column":25}}}},"branchMap":{},"s":{"0":2,"1":2,"2":2,"3":2,"4":2,"5":2,"6":0,"7":2,"8":0,"9":2,"10":2},"f":{"0":0,"1":0},"b":{}}
,"D:\\UDEMY\\Full Stack Node.js React TS NestJS Next.js Creando Proyectos\\02-cashtrackr-next-express-ts-postgresql-sequelize\\backend\\src\\models\\User.ts": {"path":"D:\\UDEMY\\Full Stack Node.js React TS NestJS Next.js Creando Proyectos\\02-cashtrackr-next-express-ts-postgresql-sequelize\\backend\\src\\models\\User.ts","statementMap":{"0":{"start":{"line":1,"column":0},"end":{"line":1,"column":null}},"1":{"start":{"line":11,"column":0},"end":{"line":11,"column":29}},"2":{"start":{"line":16,"column":0},"end":{"line":52,"column":null}},"3":{"start":{"line":21,"column":10},"end":{"line":21,"column":null}},"4":{"start":{"line":27,"column":10},"end":{"line":27,"column":null}},"5":{"start":{"line":34,"column":10},"end":{"line":34,"column":null}},"6":{"start":{"line":39,"column":10},"end":{"line":39,"column":null}},"7":{"start":{"line":45,"column":10},"end":{"line":45,"column":null}},"8":{"start":{"line":51,"column":10},"end":{"line":51,"column":null}},"9":{"start":{"line":47,"column":17},"end":{"line":47,"column":23}},"10":{"start":{"line":16,"column":6},"end":{"line":52,"column":null}},"11":{"start":{"line":54,"column":0},"end":{"line":54,"column":null}}},"fnMap":{"0":{"name":"(anonymous_3)","decl":{"start":{"line":47,"column":11},"end":{"line":47,"column":14}},"loc":{"start":{"line":47,"column":17},"end":{"line":47,"column":23}}}},"branchMap":{},"s":{"0":2,"1":2,"2":2,"3":2,"4":2,"5":2,"6":2,"7":2,"8":2,"9":0,"10":2,"11":2},"f":{"0":0},"b":{}}
,"D:\\UDEMY\\Full Stack Node.js React TS NestJS Next.js Creando Proyectos\\02-cashtrackr-next-express-ts-postgresql-sequelize\\backend\\src\\tests\\mocks\\budgets.ts": {"path":"D:\\UDEMY\\Full Stack Node.js React TS NestJS Next.js Creando Proyectos\\02-cashtrackr-next-express-ts-postgresql-sequelize\\backend\\src\\tests\\mocks\\budgets.ts","statementMap":{"0":{"start":{"line":1,"column":13},"end":{"line":71,"column":null}}},"fnMap":{},"branchMap":{},"s":{"0":3},"f":{},"b":{}}
,"D:\\UDEMY\\Full Stack Node.js React TS NestJS Next.js Creando Proyectos\\02-cashtrackr-next-express-ts-postgresql-sequelize\\backend\\src\\tests\\mocks\\expenses.ts": {"path":"D:\\UDEMY\\Full Stack Node.js React TS NestJS Next.js Creando Proyectos\\02-cashtrackr-next-express-ts-postgresql-sequelize\\backend\\src\\tests\\mocks\\expenses.ts","statementMap":{"0":{"start":{"line":1,"column":13},"end":{"line":26,"column":null}}},"fnMap":{},"branchMap":{},"s":{"0":2},"f":{},"b":{}}
,"D:\\UDEMY\\Full Stack Node.js React TS NestJS Next.js Creando Proyectos\\02-cashtrackr-next-express-ts-postgresql-sequelize\\backend\\src\\utils\\auth.ts": {"path":"D:\\UDEMY\\Full Stack Node.js React TS NestJS Next.js Creando Proyectos\\02-cashtrackr-next-express-ts-postgresql-sequelize\\backend\\src\\utils\\auth.ts","statementMap":{"0":{"start":{"line":1,"column":0},"end":{"line":1,"column":27}},"1":{"start":{"line":3,"column":28},"end":{"line":6,"column":1}},"2":{"start":{"line":4,"column":15},"end":{"line":4,"column":39}},"3":{"start":{"line":5,"column":2},"end":{"line":5,"column":null}},"4":{"start":{"line":3,"column":13},"end":{"line":3,"column":28}},"5":{"start":{"line":8,"column":29},"end":{"line":10,"column":1}},"6":{"start":{"line":9,"column":2},"end":{"line":9,"column":null}},"7":{"start":{"line":8,"column":13},"end":{"line":8,"column":29}}},"fnMap":{"0":{"name":"(anonymous_1)","decl":{"start":{"line":3,"column":28},"end":{"line":3,"column":33}},"loc":{"start":{"line":3,"column":55},"end":{"line":6,"column":1}}},"1":{"name":"(anonymous_2)","decl":{"start":{"line":8,"column":29},"end":{"line":8,"column":34}},"loc":{"start":{"line":8,"column":70},"end":{"line":10,"column":1}}}},"branchMap":{},"s":{"0":1,"1":1,"2":0,"3":0,"4":1,"5":1,"6":0,"7":1},"f":{"0":0,"1":0},"b":{}}
,"D:\\UDEMY\\Full Stack Node.js React TS NestJS Next.js Creando Proyectos\\02-cashtrackr-next-express-ts-postgresql-sequelize\\backend\\src\\utils\\jwt.ts": {"path":"D:\\UDEMY\\Full Stack Node.js React TS NestJS Next.js Creando Proyectos\\02-cashtrackr-next-express-ts-postgresql-sequelize\\backend\\src\\utils\\jwt.ts","statementMap":{"0":{"start":{"line":1,"column":0},"end":{"line":1,"column":30}},"1":{"start":{"line":2,"column":0},"end":{"line":2,"column":null}},"2":{"start":{"line":4,"column":27},"end":{"line":8,"column":1}},"3":{"start":{"line":5,"column":2},"end":{"line":7,"column":null}},"4":{"start":{"line":4,"column":13},"end":{"line":4,"column":27}}},"fnMap":{"0":{"name":"(anonymous_1)","decl":{"start":{"line":4,"column":27},"end":{"line":4,"column":28}},"loc":{"start":{"line":4,"column":42},"end":{"line":8,"column":1}}}},"branchMap":{},"s":{"0":1,"1":1,"2":1,"3":0,"4":1},"f":{"0":0},"b":{}}
,"D:\\UDEMY\\Full Stack Node.js React TS NestJS Next.js Creando Proyectos\\02-cashtrackr-next-express-ts-postgresql-sequelize\\backend\\src\\utils\\token.ts": {"path":"D:\\UDEMY\\Full Stack Node.js React TS NestJS Next.js Creando Proyectos\\02-cashtrackr-next-express-ts-postgresql-sequelize\\backend\\src\\utils\\token.ts","statementMap":{"0":{"start":{"line":1,"column":29},"end":{"line":2,"column":56}},"1":{"start":{"line":2,"column":2},"end":{"line":2,"column":56}},"2":{"start":{"line":1,"column":13},"end":{"line":1,"column":29}}},"fnMap":{"0":{"name":"(anonymous_0)","decl":{"start":{"line":1,"column":29},"end":{"line":1,"column":32}},"loc":{"start":{"line":2,"column":2},"end":{"line":2,"column":56}}}},"branchMap":{},"s":{"0":1,"1":0,"2":1},"f":{"0":0},"b":{}}
}
