TN:
SF:src\config\nodemailer.ts
FN:4,(anonymous_1)
FNF:1
FNH:1
FNDA:1,(anonymous_1)
DA:1,1
DA:2,1
DA:4,1
DA:5,1
DA:15,1
LF:5
LH:5
BRF:0
BRH:0
end_of_record
TN:
SF:src\controllers\AuthController.ts
FN:10,(anonymous_1)
FN:35,(anonymous_2)
FN:54,(anonymous_3)
FN:80,(anonymous_4)
FN:103,(anonymous_5)
FN:119,(anonymous_6)
FN:139,(anonymous_7)
FN:143,(anonymous_8)
FN:165,(anonymous_9)
FNF:9
FNH:2
FNDA:2,(anonymous_1)
FNDA:0,(anonymous_2)
FNDA:4,(anonymous_3)
FNDA:0,(anonymous_4)
FNDA:0,(anonymous_5)
FNDA:0,(anonymous_6)
FNDA:0,(anonymous_7)
FNDA:0,(anonymous_8)
FNDA:0,(anonymous_9)
DA:2,1
DA:3,1
DA:4,1
DA:5,1
DA:6,1
DA:7,1
DA:9,1
DA:10,1
DA:11,2
DA:12,2
DA:13,2
DA:14,2
DA:15,1
DA:16,1
DA:17,1
DA:19,1
DA:20,1
DA:21,1
DA:22,1
DA:23,1
DA:28,1
DA:31,0
DA:35,1
DA:36,0
DA:37,0
DA:38,0
DA:39,0
DA:40,0
DA:41,0
DA:42,0
DA:44,0
DA:45,0
DA:46,0
DA:47,0
DA:50,0
DA:54,1
DA:55,4
DA:56,4
DA:57,4
DA:58,4
DA:59,1
DA:60,1
DA:61,1
DA:63,3
DA:64,1
DA:65,1
DA:67,2
DA:68,2
DA:69,1
DA:70,1
DA:72,1
DA:73,1
DA:76,0
DA:80,1
DA:81,0
DA:82,0
DA:83,0
DA:84,0
DA:85,0
DA:86,0
DA:87,0
DA:89,0
DA:90,0
DA:91,0
DA:96,0
DA:99,0
DA:103,1
DA:104,0
DA:105,0
DA:106,0
DA:107,0
DA:108,0
DA:109,0
DA:110,0
DA:112,0
DA:115,0
DA:119,1
DA:120,0
DA:121,0
DA:122,0
DA:123,0
DA:124,0
DA:125,0
DA:126,0
DA:127,0
DA:129,0
DA:130,0
DA:131,0
DA:132,0
DA:135,0
DA:139,1
DA:140,0
DA:143,1
DA:144,0
DA:145,0
DA:146,0
DA:147,0
DA:148,0
DA:152,0
DA:153,0
DA:154,0
DA:156,0
DA:157,0
DA:158,0
DA:161,0
DA:165,1
DA:166,0
DA:167,0
DA:168,0
DA:169,0
DA:170,0
DA:171,0
DA:172,0
DA:173,0
DA:175,0
DA:178,0
LF:116
LH:45
BRDA:14,0,0,1
BRDA:39,1,0,0
BRDA:58,2,0,1
BRDA:63,3,0,1
BRDA:68,4,0,1
BRDA:84,5,0,0
BRDA:107,6,0,0
BRDA:124,7,0,0
BRDA:152,8,0,0
BRDA:171,9,0,0
BRF:10
BRH:4
end_of_record
TN:
SF:src\controllers\BudgetController.ts
FN:6,(anonymous_1)
FN:19,(anonymous_2)
FN:31,(anonymous_3)
FN:38,(anonymous_4)
FN:48,(anonymous_5)
FNF:5
FNH:5
FNDA:4,(anonymous_1)
FNDA:2,(anonymous_2)
FNDA:3,(anonymous_3)
FNDA:1,(anonymous_4)
FNDA:1,(anonymous_5)
DA:2,1
DA:3,1
DA:5,1
DA:6,1
DA:7,4
DA:8,4
DA:12,3
DA:15,1
DA:19,1
DA:20,2
DA:21,2
DA:22,1
DA:23,1
DA:24,1
DA:27,1
DA:31,1
DA:32,3
DA:35,3
DA:38,1
DA:39,1
DA:40,1
DA:41,1
DA:44,0
DA:48,1
DA:49,1
DA:50,1
DA:51,1
DA:54,0
LF:28
LH:26
BRF:0
BRH:0
end_of_record
TN:
SF:src\controllers\ExpensesController.ts
FN:5,(anonymous_1)
FN:16,(anonymous_2)
FN:20,(anonymous_3)
FN:25,(anonymous_4)
FNF:4
FNH:4
FNDA:2,(anonymous_1)
FNDA:1,(anonymous_2)
FNDA:1,(anonymous_3)
FNDA:1,(anonymous_4)
DA:2,1
DA:4,1
DA:5,1
DA:6,2
DA:7,2
DA:8,1
DA:9,1
DA:10,1
DA:12,1
DA:16,1
DA:17,1
DA:20,1
DA:21,1
DA:22,1
DA:25,1
DA:26,1
DA:27,1
LF:17
LH:17
BRF:0
BRH:0
end_of_record
TN:
SF:src\emails\AuthEmail.ts
FN:10,(anonymous_0)
FN:24,(anonymous_1)
FNF:2
FNH:0
FNDA:0,(anonymous_0)
FNDA:0,(anonymous_1)
DA:1,1
DA:9,1
DA:10,1
DA:11,0
DA:24,1
DA:25,0
LF:6
LH:4
BRF:0
BRH:0
end_of_record
TN:
SF:src\middleware\budget.ts
FN:13,(anonymous_1)
FN:20,(anonymous_2)
FN:32,(anonymous_3)
FN:54,(anonymous_4)
FN:68,(anonymous_5)
FN:75,(anonymous_6)
FNF:6
FNH:2
FNDA:0,(anonymous_1)
FNDA:0,(anonymous_2)
FNDA:3,(anonymous_3)
FNDA:0,(anonymous_4)
FNDA:0,(anonymous_5)
FNDA:3,(anonymous_6)
DA:2,2
DA:3,2
DA:13,2
DA:18,0
DA:20,0
DA:24,0
DA:25,0
DA:26,0
DA:27,0
DA:29,0
DA:32,2
DA:37,3
DA:38,3
DA:39,3
DA:40,2
DA:41,1
DA:42,1
DA:43,1
DA:45,1
DA:47,1
DA:50,1
DA:54,2
DA:59,0
DA:63,0
DA:68,0
DA:72,0
DA:75,2
DA:80,3
DA:81,2
DA:82,2
DA:83,2
DA:85,1
LF:32
LH:21
BRDA:25,0,0,0
BRDA:40,1,0,1
BRDA:80,2,0,2
BRF:3
BRH:2
end_of_record
TN:
SF:src\middleware\expense.ts
FN:13,(anonymous_1)
FN:27,(anonymous_2)
FN:34,(anonymous_3)
FN:56,(anonymous_4)
FN:63,(anonymous_5)
FNF:5
FNH:1
FNDA:0,(anonymous_1)
FNDA:0,(anonymous_2)
FNDA:3,(anonymous_3)
FNDA:0,(anonymous_4)
FNDA:0,(anonymous_5)
DA:2,1
DA:3,1
DA:13,1
DA:18,0
DA:22,0
DA:27,0
DA:31,0
DA:34,1
DA:39,3
DA:40,3
DA:41,3
DA:42,2
DA:43,1
DA:44,1
DA:45,1
DA:47,1
DA:49,1
DA:52,1
DA:56,1
DA:61,0
DA:63,0
DA:67,0
DA:68,0
DA:69,0
DA:70,0
DA:72,0
LF:26
LH:15
BRDA:42,0,0,1
BRDA:68,1,0,0
BRF:2
BRH:1
end_of_record
TN:
SF:src\models\Budget.ts
FN:30,(anonymous_3)
FN:36,(anonymous_4)
FN:39,(anonymous_5)
FNF:3
FNH:0
FNDA:0,(anonymous_3)
FNDA:0,(anonymous_4)
FNDA:0,(anonymous_5)
DA:1,2
DA:11,2
DA:12,2
DA:17,2
DA:22,2
DA:28,2
DA:30,0
DA:34,2
DA:36,0
DA:37,2
DA:39,0
DA:40,2
DA:43,2
LF:13
LH:10
BRF:0
BRH:0
end_of_record
TN:
SF:src\models\Expense.ts
FN:29,(anonymous_3)
FN:32,(anonymous_4)
FNF:2
FNH:0
FNDA:0,(anonymous_3)
FNDA:0,(anonymous_4)
DA:1,2
DA:11,2
DA:16,2
DA:21,2
DA:27,2
DA:29,0
DA:30,2
DA:32,0
DA:33,2
DA:36,2
LF:10
LH:8
BRF:0
BRH:0
end_of_record
TN:
SF:src\models\User.ts
FN:47,(anonymous_3)
FNF:1
FNH:0
FNDA:0,(anonymous_3)
DA:1,2
DA:11,2
DA:16,2
DA:21,2
DA:27,2
DA:34,2
DA:39,2
DA:45,2
DA:47,0
DA:51,2
DA:54,2
LF:11
LH:10
BRF:0
BRH:0
end_of_record
TN:
SF:src\tests\mocks\budgets.ts
FNF:0
FNH:0
DA:1,3
LF:1
LH:1
BRF:0
BRH:0
end_of_record
TN:
SF:src\tests\mocks\expenses.ts
FNF:0
FNH:0
DA:1,2
LF:1
LH:1
BRF:0
BRH:0
end_of_record
TN:
SF:src\utils\auth.ts
FN:3,(anonymous_1)
FN:8,(anonymous_2)
FNF:2
FNH:0
FNDA:0,(anonymous_1)
FNDA:0,(anonymous_2)
DA:1,1
DA:3,1
DA:4,0
DA:5,0
DA:8,1
DA:9,0
LF:6
LH:3
BRF:0
BRH:0
end_of_record
TN:
SF:src\utils\jwt.ts
FN:4,(anonymous_1)
FNF:1
FNH:0
FNDA:0,(anonymous_1)
DA:1,1
DA:2,1
DA:4,1
DA:5,0
LF:4
LH:3
BRF:0
BRH:0
end_of_record
TN:
SF:src\utils\token.ts
FN:1,(anonymous_0)
FNF:1
FNH:0
FNDA:0,(anonymous_0)
DA:1,1
DA:2,0
LF:2
LH:1
BRF:0
BRH:0
end_of_record
